Not searching for unused variables given on the command line.
[36m--[0m The C compiler identification is GNU 9.4.0
[36m--[0m The CXX compiler identification is GNU 9.4.0
[36m--[0m Check for working C compiler: /usr/bin/cc
[36m--[0m Check for working C compiler: /usr/bin/cc -- works
[36m--[0m Detecting C compiler ABI info
[36m--[0m Detecting C compiler ABI info - done
[36m--[0m Detecting C compile features
[36m--[0m Detecting C compile features - done
[36m--[0m Check for working CXX compiler: /usr/bin/c++
[36m--[0m Check for working CXX compiler: /usr/bin/c++ -- works
[36m--[0m Detecting CXX compiler ABI info
[36m--[0m Detecting CXX compiler ABI info - done
[36m--[0m Detecting CXX compile features
[36m--[0m Detecting CXX compile features - done
[36m--[0m Darknet path dir = /home/terry/salty-ws/src/darknet_ros/darknet
[36m--[0m Looking for pthread.h
[36m--[0m Looking for pthread.h - found
[36m--[0m Performing Test CMAKE_HAVE_LIBC_PTHREAD
[36m--[0m Performing Test CMAKE_HAVE_LIBC_PTHREAD - Failed
[36m--[0m Looking for pthread_create in pthreads
[36m--[0m Looking for pthread_create in pthreads - not found
[36m--[0m Looking for pthread_create in pthread
[36m--[0m Looking for pthread_create in pthread - found
[36m--[0m Found Threads: TRUE
[36m--[0m Found CUDA: /usr/local/cuda (found version "11.7")
[36m--[0m CUDA Version:
[36m--[0m CUDA Libararies: /usr/local/cuda/lib64/libcudart_static.a;-lpthread;dl;/usr/lib/x86_64-linux-gnu/librt.so
[36m--[0m Searching for X11...
[36m--[0m Found X11: /usr/include
[36m--[0m Looking for XOpenDisplay in /usr/lib/x86_64-linux-gnu/libX11.so;/usr/lib/x86_64-linux-gnu/libXext.so
[36m--[0m Looking for XOpenDisplay in /usr/lib/x86_64-linux-gnu/libX11.so;/usr/lib/x86_64-linux-gnu/libXext.so - found
[36m--[0m Looking for gethostbyname
[36m--[0m Looking for gethostbyname - found
[36m--[0m Looking for connect
[36m--[0m Looking for connect - found
[36m--[0m Looking for remove
[36m--[0m Looking for remove - found
[36m--[0m Looking for shmat
[36m--[0m Looking for shmat - found
[36m--[0m Looking for IceConnectionNumber in ICE
[36m--[0m Looking for IceConnectionNumber in ICE - found
[36m--[0m  X11_INCLUDE_DIR: /usr/include
[36m--[0m  X11_LIBRARIES: /usr/lib/x86_64-linux-gnu/libSM.so/usr/lib/x86_64-linux-gnu/libICE.so/usr/lib/x86_64-linux-gnu/libX11.so/usr/lib/x86_64-linux-gnu/libXext.so
[36m--[0m Found Boost: /usr/lib/x86_64-linux-gnu/cmake/Boost-1.71.0/BoostConfig.cmake (found version "1.71.0") found components: thread
[36m--[0m Found OpenCV: /usr (found version "4.2.0")
[36m--[0m Using CATKIN_DEVEL_PREFIX: /home/terry/salty-ws/devel/.private/darknet_ros
[36m--[0m Using CMAKE_PREFIX_PATH: /home/terry/salty-ws/devel;/opt/ros/noetic
[36m--[0m This workspace overlays: /home/terry/salty-ws/devel;/opt/ros/noetic
[36m--[0m Found PythonInterp: /usr/bin/python3 (found suitable version "3.8.10", minimum required is "3")
[36m--[0m Using PYTHON_EXECUTABLE: /usr/bin/python3
[36m--[0m Using Debian Python package layout
[36m--[0m Found PY_em: /usr/lib/python3/dist-packages/em.py
[36m--[0m Using empy: /usr/lib/python3/dist-packages/em.py
[36m--[0m Using CATKIN_ENABLE_TESTING: ON
[36m--[0m Call enable_testing()
[36m--[0m Using CATKIN_TEST_RESULTS_DIR: /home/terry/salty-ws/build/darknet_ros/test_results
[36m--[0m Forcing gtest/gmock from source, though one was otherwise available.
[36m--[0m Found gtest sources under '/usr/src/googletest': gtests will be built
[36m--[0m Found gmock sources under '/usr/src/googletest': gmock will be built
[36m--[0m Found PythonInterp: /usr/bin/python3 (found version "3.8.10")
[36m--[0m Using Python nosetests: /usr/bin/nosetests3
[36m--[0m catkin 0.8.10
[36m--[0m BUILD_SHARED_LIBS is on
[36m--[0m Using these message generators: gencpp;geneus;genlisp;gennodejs;genpy
[36m--[0m Checking and downloading yolov2-tiny.weights if needed ...
[36m--[0m ... file does not exist. Downloading now ...
[36m--[0m Checking and downloading yolov3.weights if needed ...
[36m--[0m ... file does not exist. Downloading now ...
[36m--[0m Checking and downloading yolov2.weights if needed ...
[36m--[0m ... file does not exist. Downloading now ...
[36m--[0m Configuring done
CMake Warning (dev) in /usr/src/googletest/googletest/CMakeLists.txt:
  Policy CMP0022 is not set: INTERFACE_LINK_LIBRARIES defines the link
  interface.  Run "cmake --help-policy CMP0022" for policy details.  Use the
  cmake_policy command to set the policy and suppress this warning.

  Target "gtest" has an INTERFACE_LINK_LIBRARIES property which differs from
  its LINK_INTERFACE_LIBRARIES properties.

  INTERFACE_LINK_LIBRARIES:

    /usr/lib/x86_64-linux-gnu/libSM.so;/usr/lib/x86_64-linux-gnu/libICE.so;/usr/lib/x86_64-linux-gnu/libX11.so;/usr/lib/x86_64-linux-gnu/libXext.so;Threads::Threads

  LINK_INTERFACE_LIBRARIES:

    Threads::Threads

This warning is for project developers.  Use -Wno-dev to suppress it.

CMake Warning (dev) in /usr/src/googletest/googlemock/CMakeLists.txt:
  Policy CMP0022 is not set: INTERFACE_LINK_LIBRARIES defines the link
  interface.  Run "cmake --help-policy CMP0022" for policy details.  Use the
  cmake_policy command to set the policy and suppress this warning.

  Target "gmock" has an INTERFACE_LINK_LIBRARIES property which differs from
  its LINK_INTERFACE_LIBRARIES properties.

  INTERFACE_LINK_LIBRARIES:

    /usr/lib/x86_64-linux-gnu/libSM.so;/usr/lib/x86_64-linux-gnu/libICE.so;/usr/lib/x86_64-linux-gnu/libX11.so;/usr/lib/x86_64-linux-gnu/libXext.so;Threads::Threads;gtest

  LINK_INTERFACE_LIBRARIES:

    Threads::Threads;gtest

This warning is for project developers.  Use -Wno-dev to suppress it.

[36m--[0m Generating done
[36m--[0m Build files have been written to: /home/terry/salty-ws/build/darknet_ros
