[35m[1mScanning dependencies of target _diagnostic_msgs_generate_messages_check_deps_DiagnosticArray[0m
[  0%] Built target _diagnostic_msgs_generate_messages_check_deps_DiagnosticArray
[35m[1mScanning dependencies of target std_msgs_generate_messages_py[0m
[  0%] Built target std_msgs_generate_messages_py
[35m[1mScanning dependencies of target _diagnostic_msgs_generate_messages_check_deps_DiagnosticStatus[0m
[35m[1mScanning dependencies of target _diagnostic_msgs_generate_messages_check_deps_KeyValue[0m
[35m[1mScanning dependencies of target _diagnostic_msgs_generate_messages_check_deps_AddDiagnostics[0m
[35m[1mScanning dependencies of target _diagnostic_msgs_generate_messages_check_deps_SelfTest[0m
[  0%] Built target _diagnostic_msgs_generate_messages_check_deps_DiagnosticStatus
[  0%] Built target _diagnostic_msgs_generate_messages_check_deps_AddDiagnostics
[  0%] Built target _diagnostic_msgs_generate_messages_check_deps_KeyValue
[35m[1mScanning dependencies of target std_msgs_generate_messages_nodejs[0m
[35m[1mScanning dependencies of target std_msgs_generate_messages_eus[0m
[35m[1mScanning dependencies of target std_msgs_generate_messages_cpp[0m
[35m[1mScanning dependencies of target std_msgs_generate_messages_lisp[0m
[  0%] Built target std_msgs_generate_messages_eus
[  0%] Built target std_msgs_generate_messages_nodejs
[  0%] Built target std_msgs_generate_messages_lisp
[  0%] Built target _diagnostic_msgs_generate_messages_check_deps_SelfTest
[35m[1mScanning dependencies of target diagnostic_msgs_generate_messages_eus[0m
[35m[1mScanning dependencies of target diagnostic_msgs_generate_messages_lisp[0m
[  0%] Built target std_msgs_generate_messages_cpp
[35m[1mScanning dependencies of target diagnostic_msgs_generate_messages_py[0m
[  3%] [34m[1mGenerating Lisp code from diagnostic_msgs/DiagnosticArray.msg[0m
[  7%] [34m[1mGenerating Python from MSG diagnostic_msgs/DiagnosticStatus[0m
[ 10%] [34m[1mGenerating EusLisp code from diagnostic_msgs/DiagnosticArray.msg[0m
[35m[1mScanning dependencies of target diagnostic_msgs_generate_messages_cpp[0m
[ 14%] [34m[1mGenerating Python from MSG diagnostic_msgs/DiagnosticArray[0m
[35m[1mScanning dependencies of target diagnostic_msgs_generate_messages_nodejs[0m
[ 17%] [34m[1mGenerating C++ code from diagnostic_msgs/DiagnosticArray.msg[0m
[ 21%] [34m[1mGenerating Javascript code from diagnostic_msgs/DiagnosticArray.msg[0m
[ 25%] [34m[1mGenerating Javascript code from diagnostic_msgs/DiagnosticStatus.msg[0m
[ 28%] [34m[1mGenerating Lisp code from diagnostic_msgs/DiagnosticStatus.msg[0m
[ 32%] [34m[1mGenerating EusLisp code from diagnostic_msgs/DiagnosticStatus.msg[0m
[ 35%] [34m[1mGenerating EusLisp code from diagnostic_msgs/KeyValue.msg[0m
[ 39%] [34m[1mGenerating Lisp code from diagnostic_msgs/KeyValue.msg[0m
[ 42%] [34m[1mGenerating Python from MSG diagnostic_msgs/KeyValue[0m
[ 46%] [34m[1mGenerating Javascript code from diagnostic_msgs/KeyValue.msg[0m
[ 50%] [34m[1mGenerating Javascript code from diagnostic_msgs/AddDiagnostics.srv[0m
[ 53%] [34m[1mGenerating EusLisp code from diagnostic_msgs/AddDiagnostics.srv[0m
[ 57%] [34m[1mGenerating C++ code from diagnostic_msgs/DiagnosticStatus.msg[0m
[ 60%] [34m[1mGenerating Lisp code from diagnostic_msgs/AddDiagnostics.srv[0m
[ 64%] [34m[1mGenerating Javascript code from diagnostic_msgs/SelfTest.srv[0m
[ 67%] [34m[1mGenerating Lisp code from diagnostic_msgs/SelfTest.srv[0m
[ 71%] [34m[1mGenerating EusLisp code from diagnostic_msgs/SelfTest.srv[0m
[ 75%] [34m[1mGenerating EusLisp manifest code for diagnostic_msgs[0m
[ 78%] [34m[1mGenerating C++ code from diagnostic_msgs/KeyValue.msg[0m
[ 78%] Built target diagnostic_msgs_generate_messages_lisp
[ 82%] [34m[1mGenerating C++ code from diagnostic_msgs/AddDiagnostics.srv[0m
[ 82%] Built target diagnostic_msgs_generate_messages_nodejs
[ 85%] [34m[1mGenerating C++ code from diagnostic_msgs/SelfTest.srv[0m
[ 89%] [34m[1mGenerating Python code from SRV diagnostic_msgs/SelfTest[0m
[ 92%] [34m[1mGenerating Python code from SRV diagnostic_msgs/AddDiagnostics[0m
[ 96%] [34m[1mGenerating Python msg __init__.py for diagnostic_msgs[0m
[100%] [34m[1mGenerating Python srv __init__.py for diagnostic_msgs[0m
[100%] Built target diagnostic_msgs_generate_messages_cpp
[100%] Built target diagnostic_msgs_generate_messages_py
[100%] Built target diagnostic_msgs_generate_messages_eus
[35m[1mScanning dependencies of target diagnostic_msgs_generate_messages[0m
[100%] Built target diagnostic_msgs_generate_messages
