[35m[1mScanning dependencies of target _vision_msgs_generate_messages_check_deps_Classification2D[0m
[35m[1mScanning dependencies of target _vision_msgs_generate_messages_check_deps_Detection3DArray[0m
[35m[1mScanning dependencies of target _vision_msgs_generate_messages_check_deps_Classification3D[0m
[35m[1mScanning dependencies of target _vision_msgs_generate_messages_check_deps_BoundingBox3D[0m
[35m[1mScanning dependencies of target _vision_msgs_generate_messages_check_deps_Detection2D[0m
[35m[1mScanning dependencies of target _vision_msgs_generate_messages_check_deps_Detection3D[0m
[35m[1mScanning dependencies of target _vision_msgs_generate_messages_check_deps_ObjectHypothesisWithPose[0m
[35m[1mScanning dependencies of target _vision_msgs_generate_messages_check_deps_VisionInfo[0m
[  0%] Built target _vision_msgs_generate_messages_check_deps_BoundingBox3D
[  0%] Built target _vision_msgs_generate_messages_check_deps_Classification3D
[  0%] Built target _vision_msgs_generate_messages_check_deps_Detection3DArray
[35m[1mScanning dependencies of target sensor_msgs_generate_messages_nodejs[0m
[  0%] Built target _vision_msgs_generate_messages_check_deps_Detection3D
[  0%] Built target _vision_msgs_generate_messages_check_deps_ObjectHypothesisWithPose
[  0%] Built target _vision_msgs_generate_messages_check_deps_VisionInfo
[35m[1mScanning dependencies of target geometry_msgs_generate_messages_nodejs[0m
[  0%] Built target _vision_msgs_generate_messages_check_deps_Detection2D
[  0%] Built target sensor_msgs_generate_messages_nodejs
[35m[1mScanning dependencies of target _vision_msgs_generate_messages_check_deps_BoundingBox2DArray[0m
[35m[1mScanning dependencies of target _vision_msgs_generate_messages_check_deps_BoundingBox2D[0m
[  0%] Built target _vision_msgs_generate_messages_check_deps_Classification2D
[35m[1mScanning dependencies of target _vision_msgs_generate_messages_check_deps_Detection2DArray[0m
[35m[1mScanning dependencies of target std_msgs_generate_messages_nodejs[0m
[35m[1mScanning dependencies of target _vision_msgs_generate_messages_check_deps_ObjectHypothesis[0m
[35m[1mScanning dependencies of target _vision_msgs_generate_messages_check_deps_BoundingBox3DArray[0m
[  0%] Built target geometry_msgs_generate_messages_nodejs
[  0%] Built target std_msgs_generate_messages_nodejs
[35m[1mScanning dependencies of target std_msgs_generate_messages_py[0m
[35m[1mScanning dependencies of target geometry_msgs_generate_messages_py[0m
[35m[1mScanning dependencies of target sensor_msgs_generate_messages_py[0m
[  0%] Built target _vision_msgs_generate_messages_check_deps_BoundingBox2D
[  0%] Built target _vision_msgs_generate_messages_check_deps_BoundingBox2DArray
[  0%] Built target std_msgs_generate_messages_py
[  0%] Built target geometry_msgs_generate_messages_py
[  0%] Built target _vision_msgs_generate_messages_check_deps_ObjectHypothesis
[  0%] Built target _vision_msgs_generate_messages_check_deps_Detection2DArray
[  0%] Built target sensor_msgs_generate_messages_py
[35m[1mScanning dependencies of target sensor_msgs_generate_messages_cpp[0m
[  0%] Built target _vision_msgs_generate_messages_check_deps_BoundingBox3DArray
[35m[1mScanning dependencies of target std_msgs_generate_messages_cpp[0m
[35m[1mScanning dependencies of target geometry_msgs_generate_messages_cpp[0m
[35m[1mScanning dependencies of target sensor_msgs_generate_messages_eus[0m
[35m[1mScanning dependencies of target std_msgs_generate_messages_eus[0m
[35m[1mScanning dependencies of target std_msgs_generate_messages_lisp[0m
[35m[1mScanning dependencies of target geometry_msgs_generate_messages_eus[0m
[  0%] Built target sensor_msgs_generate_messages_cpp
[  0%] Built target std_msgs_generate_messages_eus
[  0%] Built target std_msgs_generate_messages_cpp
[35m[1mScanning dependencies of target geometry_msgs_generate_messages_lisp[0m
[  0%] Built target sensor_msgs_generate_messages_eus
[  0%] Built target std_msgs_generate_messages_lisp
[  0%] Built target geometry_msgs_generate_messages_cpp
[35m[1mScanning dependencies of target sensor_msgs_generate_messages_lisp[0m
[  0%] Built target geometry_msgs_generate_messages_eus
[  0%] Built target geometry_msgs_generate_messages_lisp
[35m[1mScanning dependencies of target vision_msgs_generate_messages_py[0m
[35m[1mScanning dependencies of target vision_msgs_generate_messages_cpp[0m
[35m[1mScanning dependencies of target vision_msgs_generate_messages_nodejs[0m
[  0%] Built target sensor_msgs_generate_messages_lisp
[35m[1mScanning dependencies of target vision_msgs_generate_messages_eus[0m
[  1%] [34m[1mGenerating Javascript code from vision_msgs/BoundingBox2DArray.msg[0m
[  2%] [34m[1mGenerating Javascript code from vision_msgs/BoundingBox3DArray.msg[0m
[  4%] [34m[1mGenerating Javascript code from vision_msgs/BoundingBox2D.msg[0m
[  5%] [34m[1mGenerating Python from MSG vision_msgs/BoundingBox2D[0m
[  7%] [34m[1mGenerating Javascript code from vision_msgs/BoundingBox3D.msg[0m
[  8%] [34m[1mGenerating C++ code from vision_msgs/BoundingBox2D.msg[0m
[35m[1mScanning dependencies of target vision_msgs_generate_messages_lisp[0m
[ 10%] [34m[1mGenerating EusLisp code from vision_msgs/BoundingBox2D.msg[0m
[ 11%] [34m[1mGenerating Lisp code from vision_msgs/BoundingBox2D.msg[0m
[ 13%] [34m[1mGenerating EusLisp code from vision_msgs/BoundingBox2DArray.msg[0m
[ 14%] [34m[1mGenerating C++ code from vision_msgs/BoundingBox2DArray.msg[0m
[ 16%] [34m[1mGenerating C++ code from vision_msgs/BoundingBox3D.msg[0m
[ 17%] [34m[1mGenerating Lisp code from vision_msgs/BoundingBox2DArray.msg[0m
[ 19%] [34m[1mGenerating Javascript code from vision_msgs/Classification2D.msg[0m
[ 20%] [34m[1mGenerating Javascript code from vision_msgs/Classification3D.msg[0m
[ 22%] [34m[1mGenerating C++ code from vision_msgs/BoundingBox3DArray.msg[0m
[ 23%] [34m[1mGenerating Lisp code from vision_msgs/BoundingBox3D.msg[0m
[ 25%] [34m[1mGenerating EusLisp code from vision_msgs/BoundingBox3D.msg[0m
[ 26%] [34m[1mGenerating Python from MSG vision_msgs/BoundingBox2DArray[0m
[ 28%] [34m[1mGenerating Javascript code from vision_msgs/Detection2DArray.msg[0m
[ 29%] [34m[1mGenerating Lisp code from vision_msgs/BoundingBox3DArray.msg[0m
[ 31%] [34m[1mGenerating Lisp code from vision_msgs/Classification2D.msg[0m
[ 32%] [34m[1mGenerating C++ code from vision_msgs/Classification2D.msg[0m
[ 34%] [34m[1mGenerating Lisp code from vision_msgs/Classification3D.msg[0m
[ 35%] [34m[1mGenerating Javascript code from vision_msgs/Detection2D.msg[0m
[ 37%] [34m[1mGenerating Lisp code from vision_msgs/Detection2DArray.msg[0m
[ 38%] [34m[1mGenerating EusLisp code from vision_msgs/BoundingBox3DArray.msg[0m
[ 40%] [34m[1mGenerating Python from MSG vision_msgs/BoundingBox3D[0m
[ 41%] [34m[1mGenerating Lisp code from vision_msgs/Detection2D.msg[0m
[ 43%] [34m[1mGenerating Lisp code from vision_msgs/Detection3DArray.msg[0m
[ 44%] [34m[1mGenerating Lisp code from vision_msgs/Detection3D.msg[0m
[ 46%] [34m[1mGenerating Javascript code from vision_msgs/Detection3DArray.msg[0m
[ 47%] [34m[1mGenerating Javascript code from vision_msgs/Detection3D.msg[0m
[ 49%] [34m[1mGenerating EusLisp code from vision_msgs/Classification2D.msg[0m
[ 50%] [34m[1mGenerating C++ code from vision_msgs/Classification3D.msg[0m
[ 52%] [34m[1mGenerating C++ code from vision_msgs/Detection2DArray.msg[0m
[ 53%] [34m[1mGenerating C++ code from vision_msgs/Detection2D.msg[0m
[ 55%] [34m[1mGenerating Lisp code from vision_msgs/ObjectHypothesis.msg[0m
[ 56%] [34m[1mGenerating Javascript code from vision_msgs/ObjectHypothesis.msg[0m
[ 58%] [34m[1mGenerating Javascript code from vision_msgs/ObjectHypothesisWithPose.msg[0m
[ 59%] [34m[1mGenerating EusLisp code from vision_msgs/Classification3D.msg[0m
[ 61%] [34m[1mGenerating Lisp code from vision_msgs/ObjectHypothesisWithPose.msg[0m
[ 62%] [34m[1mGenerating Python from MSG vision_msgs/BoundingBox3DArray[0m
[ 64%] [34m[1mGenerating Javascript code from vision_msgs/VisionInfo.msg[0m
[ 65%] [34m[1mGenerating Python from MSG vision_msgs/Classification2D[0m
[ 65%] Built target vision_msgs_generate_messages_nodejs
[ 67%] [34m[1mGenerating Lisp code from vision_msgs/VisionInfo.msg[0m
[ 68%] [34m[1mGenerating C++ code from vision_msgs/Detection3D.msg[0m
[ 70%] [34m[1mGenerating C++ code from vision_msgs/Detection3DArray.msg[0m
[ 71%] [34m[1mGenerating Python from MSG vision_msgs/Classification3D[0m
[ 73%] [34m[1mGenerating EusLisp code from vision_msgs/Detection2DArray.msg[0m
[ 74%] [34m[1mGenerating EusLisp code from vision_msgs/Detection2D.msg[0m
[ 74%] Built target vision_msgs_generate_messages_lisp
[ 76%] [34m[1mGenerating EusLisp code from vision_msgs/Detection3DArray.msg[0m
[ 77%] [34m[1mGenerating EusLisp code from vision_msgs/Detection3D.msg[0m
[ 79%] [34m[1mGenerating EusLisp code from vision_msgs/ObjectHypothesis.msg[0m
[ 80%] [34m[1mGenerating EusLisp code from vision_msgs/VisionInfo.msg[0m
[ 82%] [34m[1mGenerating EusLisp code from vision_msgs/ObjectHypothesisWithPose.msg[0m
[ 83%] [34m[1mGenerating C++ code from vision_msgs/ObjectHypothesis.msg[0m
[ 85%] [34m[1mGenerating EusLisp manifest code for vision_msgs[0m
[ 86%] [34m[1mGenerating Python from MSG vision_msgs/Detection2D[0m
[ 88%] [34m[1mGenerating Python from MSG vision_msgs/Detection2DArray[0m
[ 89%] [34m[1mGenerating C++ code from vision_msgs/ObjectHypothesisWithPose.msg[0m
[ 91%] [34m[1mGenerating Python from MSG vision_msgs/Detection3DArray[0m
[ 92%] [34m[1mGenerating Python from MSG vision_msgs/Detection3D[0m
[ 94%] [34m[1mGenerating Python from MSG vision_msgs/ObjectHypothesis[0m
[ 95%] [34m[1mGenerating C++ code from vision_msgs/VisionInfo.msg[0m
[ 97%] [34m[1mGenerating Python from MSG vision_msgs/ObjectHypothesisWithPose[0m
[ 98%] [34m[1mGenerating Python from MSG vision_msgs/VisionInfo[0m
[ 98%] Built target vision_msgs_generate_messages_cpp
[100%] [34m[1mGenerating Python msg __init__.py for vision_msgs[0m
[100%] Built target vision_msgs_generate_messages_py
[100%] Built target vision_msgs_generate_messages_eus
[35m[1mScanning dependencies of target vision_msgs_generate_messages[0m
[100%] Built target vision_msgs_generate_messages
