[35m[1mScanning dependencies of target vision_msgs_generate_messages_lisp[0m
[35m[1mScanning dependencies of target geometry_msgs_generate_messages_lisp[0m
[35m[1mScanning dependencies of target vision_msgs_generate_messages_py[0m
[35m[1mScanning dependencies of target std_msgs_generate_messages_lisp[0m
[35m[1mScanning dependencies of target sensor_msgs_generate_messages_lisp[0m
[35m[1mScanning dependencies of target std_msgs_generate_messages_py[0m
[35m[1mScanning dependencies of target _yolov7_ros_generate_messages_check_deps_ObjectTracking2DArray[0m
[35m[1mScanning dependencies of target _yolov7_ros_generate_messages_check_deps_ObjectTracking2D[0m
[  0%] Built target std_msgs_generate_messages_lisp
[  0%] Built target geometry_msgs_generate_messages_lisp
[  0%] Built target sensor_msgs_generate_messages_lisp
[  0%] Built target std_msgs_generate_messages_py
[  0%] Built target vision_msgs_generate_messages_lisp
[35m[1mScanning dependencies of target geometry_msgs_generate_messages_py[0m
[  0%] Built target vision_msgs_generate_messages_py
[35m[1mScanning dependencies of target sensor_msgs_generate_messages_py[0m
[35m[1mScanning dependencies of target sensor_msgs_generate_messages_eus[0m
[35m[1mScanning dependencies of target std_msgs_generate_messages_eus[0m
[  0%] Built target geometry_msgs_generate_messages_py
[35m[1mScanning dependencies of target vision_msgs_generate_messages_eus[0m
[35m[1mScanning dependencies of target geometry_msgs_generate_messages_eus[0m
[  0%] Built target sensor_msgs_generate_messages_eus
[  0%] Built target std_msgs_generate_messages_eus
[  0%] Built target sensor_msgs_generate_messages_py
[  0%] Built target vision_msgs_generate_messages_eus
[35m[1mScanning dependencies of target vision_msgs_generate_messages_cpp[0m
[  0%] Built target geometry_msgs_generate_messages_eus
[35m[1mScanning dependencies of target sensor_msgs_generate_messages_cpp[0m
[35m[1mScanning dependencies of target std_msgs_generate_messages_cpp[0m
[35m[1mScanning dependencies of target geometry_msgs_generate_messages_cpp[0m
[  0%] Built target vision_msgs_generate_messages_cpp
[  0%] Built target _yolov7_ros_generate_messages_check_deps_ObjectTracking2DArray
[  0%] Built target sensor_msgs_generate_messages_cpp
[35m[1mScanning dependencies of target vision_msgs_generate_messages_nodejs[0m
[35m[1mScanning dependencies of target std_msgs_generate_messages_nodejs[0m
[  0%] Built target geometry_msgs_generate_messages_cpp
[  0%] Built target std_msgs_generate_messages_cpp
[35m[1mScanning dependencies of target geometry_msgs_generate_messages_nodejs[0m
[  0%] Built target _yolov7_ros_generate_messages_check_deps_ObjectTracking2D
[35m[1mScanning dependencies of target sensor_msgs_generate_messages_nodejs[0m
[  0%] Built target vision_msgs_generate_messages_nodejs
[  0%] Built target std_msgs_generate_messages_nodejs
[  0%] Built target geometry_msgs_generate_messages_nodejs
[35m[1mScanning dependencies of target yolov7_ros_generate_messages_eus[0m
[  0%] Built target sensor_msgs_generate_messages_nodejs
[35m[1mScanning dependencies of target yolov7_ros_generate_messages_cpp[0m
[35m[1mScanning dependencies of target yolov7_ros_generate_messages_lisp[0m
[35m[1mScanning dependencies of target yolov7_ros_generate_messages_py[0m
[  8%] [34m[1mGenerating C++ code from yolov7_ros/ObjectTracking2D.msg[0m
[ 16%] [34m[1mGenerating Lisp code from yolov7_ros/ObjectTracking2D.msg[0m
[35m[1mScanning dependencies of target yolov7_ros_generate_messages_nodejs[0m
[ 25%] [34m[1mGenerating Lisp code from yolov7_ros/ObjectTracking2DArray.msg[0m
[ 33%] [34m[1mGenerating EusLisp code from yolov7_ros/ObjectTracking2D.msg[0m
[ 41%] [34m[1mGenerating C++ code from yolov7_ros/ObjectTracking2DArray.msg[0m
[ 50%] [34m[1mGenerating EusLisp code from yolov7_ros/ObjectTracking2DArray.msg[0m
[ 58%] [34m[1mGenerating Python from MSG yolov7_ros/ObjectTracking2D[0m
[ 66%] [34m[1mGenerating Javascript code from yolov7_ros/ObjectTracking2D.msg[0m
[ 75%] [34m[1mGenerating Javascript code from yolov7_ros/ObjectTracking2DArray.msg[0m
[ 75%] Built target yolov7_ros_generate_messages_lisp
[ 91%] [34m[1mGenerating EusLisp manifest code for yolov7_ros[0m
[ 91%] [34m[1mGenerating Python from MSG yolov7_ros/ObjectTracking2DArray[0m
[ 91%] Built target yolov7_ros_generate_messages_nodejs
[ 91%] Built target yolov7_ros_generate_messages_cpp
[100%] [34m[1mGenerating Python msg __init__.py for yolov7_ros[0m
[100%] Built target yolov7_ros_generate_messages_py
[100%] Built target yolov7_ros_generate_messages_eus
[35m[1mScanning dependencies of target yolov7_ros_generate_messages[0m
[100%] Built target yolov7_ros_generate_messages
