[  0%] Built target _geometry_msgs_generate_messages_check_deps_Quaternion
[  0%] Built target _geometry_msgs_generate_messages_check_deps_TwistWithCovarianceStamped
[  0%] Built target _geometry_msgs_generate_messages_check_deps_PoseWithCovarianceStamped
[  0%] Built target _geometry_msgs_generate_messages_check_deps_Accel
[  0%] Built target _geometry_msgs_generate_messages_check_deps_TwistStamped
[  0%] Built target _geometry_msgs_generate_messages_check_deps_AccelStamped
[  0%] Built target _geometry_msgs_generate_messages_check_deps_Twist
[  0%] Built target std_msgs_generate_messages_eus
[  0%] Built target _geometry_msgs_generate_messages_check_deps_Vector3
[  0%] Built target _geometry_msgs_generate_messages_check_deps_TwistWithCovariance
[  0%] Built target _geometry_msgs_generate_messages_check_deps_Vector3Stamped
[  0%] Built target _geometry_msgs_generate_messages_check_deps_PoseWithCovariance
[  0%] Built target _geometry_msgs_generate_messages_check_deps_Polygon
[  0%] Built target _geometry_msgs_generate_messages_check_deps_WrenchStamped
[  0%] Built target _geometry_msgs_generate_messages_check_deps_PoseArray
[  0%] Built target _geometry_msgs_generate_messages_check_deps_InertiaStamped
[  0%] Built target _geometry_msgs_generate_messages_check_deps_Wrench
[  0%] Built target _geometry_msgs_generate_messages_check_deps_Inertia
[  0%] Built target _geometry_msgs_generate_messages_check_deps_Point
[  0%] Built target _geometry_msgs_generate_messages_check_deps_Transform
[  0%] Built target _geometry_msgs_generate_messages_check_deps_Point32
[  0%] Built target _geometry_msgs_generate_messages_check_deps_TransformStamped
[  0%] Built target _geometry_msgs_generate_messages_check_deps_PointStamped
[  0%] Built target _geometry_msgs_generate_messages_check_deps_AccelWithCovarianceStamped
[  0%] Built target _geometry_msgs_generate_messages_check_deps_AccelWithCovariance
[  0%] Built target _geometry_msgs_generate_messages_check_deps_QuaternionStamped
[  0%] Built target std_msgs_generate_messages_py
[  0%] Built target _geometry_msgs_generate_messages_check_deps_Pose2D
[  0%] Built target std_msgs_generate_messages_nodejs
[  0%] Built target _geometry_msgs_generate_messages_check_deps_PoseStamped
[  0%] Built target _geometry_msgs_generate_messages_check_deps_PolygonStamped
[  0%] Built target std_msgs_generate_messages_lisp
[  0%] Built target std_msgs_generate_messages_cpp
[  0%] Built target _geometry_msgs_generate_messages_check_deps_Pose
[ 25%] Built target geometry_msgs_generate_messages_py
[ 44%] Built target geometry_msgs_generate_messages_nodejs
[ 61%] Built target geometry_msgs_generate_messages_eus
[ 80%] Built target geometry_msgs_generate_messages_lisp
[100%] Built target geometry_msgs_generate_messages_cpp
[100%] Built target geometry_msgs_generate_messages
