[  0%] Built target geometry_msgs_generate_messages_eus
[  0%] Built target std_msgs_generate_messages_eus
[  0%] Built target _visualization_msgs_generate_messages_check_deps_MarkerArray
[  0%] Built target _visualization_msgs_generate_messages_check_deps_InteractiveMarkerFeedback
[  0%] Built target _visualization_msgs_generate_messages_check_deps_Marker
[  0%] Built target _visualization_msgs_generate_messages_check_deps_InteractiveMarker
[  0%] Built target _visualization_msgs_generate_messages_check_deps_ImageMarker
[  0%] Built target _visualization_msgs_generate_messages_check_deps_InteractiveMarkerInit
[  0%] Built target geometry_msgs_generate_messages_py
[  0%] Built target std_msgs_generate_messages_py
[  0%] Built target geometry_msgs_generate_messages_lisp
[  0%] Built target _visualization_msgs_generate_messages_check_deps_InteractiveMarkerControl
[  0%] Built target std_msgs_generate_messages_lisp
[  0%] Built target _visualization_msgs_generate_messages_check_deps_InteractiveMarkerPose
[  0%] Built target _visualization_msgs_generate_messages_check_deps_MenuEntry
[  0%] Built target geometry_msgs_generate_messages_nodejs
[  0%] Built target _visualization_msgs_generate_messages_check_deps_InteractiveMarkerUpdate
[  0%] Built target std_msgs_generate_messages_nodejs
[  0%] Built target geometry_msgs_generate_messages_cpp
[  0%] Built target std_msgs_generate_messages_cpp
[ 21%] Built target visualization_msgs_generate_messages_eus
[ 42%] Built target visualization_msgs_generate_messages_py
[ 61%] Built target visualization_msgs_generate_messages_lisp
[ 80%] Built target visualization_msgs_generate_messages_nodejs
[100%] Built target visualization_msgs_generate_messages_cpp
[100%] Built target visualization_msgs_generate_messages
