[35m[1mScanning dependencies of target _visualization_msgs_generate_messages_check_deps_ImageMarker[0m
[35m[1mScanning dependencies of target _visualization_msgs_generate_messages_check_deps_MarkerArray[0m
[35m[1mScanning dependencies of target std_msgs_generate_messages_eus[0m
[35m[1mScanning dependencies of target _visualization_msgs_generate_messages_check_deps_InteractiveMarkerFeedback[0m
[35m[1mScanning dependencies of target _visualization_msgs_generate_messages_check_deps_Marker[0m
[35m[1mScanning dependencies of target geometry_msgs_generate_messages_eus[0m
[35m[1mScanning dependencies of target _visualization_msgs_generate_messages_check_deps_InteractiveMarker[0m
[35m[1mScanning dependencies of target _visualization_msgs_generate_messages_check_deps_InteractiveMarkerControl[0m
[  0%] Built target std_msgs_generate_messages_eus
[  0%] Built target geometry_msgs_generate_messages_eus
[35m[1mScanning dependencies of target _visualization_msgs_generate_messages_check_deps_InteractiveMarkerInit[0m
[35m[1mScanning dependencies of target _visualization_msgs_generate_messages_check_deps_InteractiveMarkerPose[0m
[  0%] Built target _visualization_msgs_generate_messages_check_deps_InteractiveMarker
[  0%] Built target _visualization_msgs_generate_messages_check_deps_MarkerArray
[  0%] Built target _visualization_msgs_generate_messages_check_deps_Marker
[  0%] Built target _visualization_msgs_generate_messages_check_deps_ImageMarker
[  0%] Built target _visualization_msgs_generate_messages_check_deps_InteractiveMarkerFeedback
[  0%] Built target _visualization_msgs_generate_messages_check_deps_InteractiveMarkerControl
[35m[1mScanning dependencies of target geometry_msgs_generate_messages_py[0m
[35m[1mScanning dependencies of target _visualization_msgs_generate_messages_check_deps_InteractiveMarkerUpdate[0m
[35m[1mScanning dependencies of target _visualization_msgs_generate_messages_check_deps_MenuEntry[0m
[35m[1mScanning dependencies of target std_msgs_generate_messages_py[0m
[35m[1mScanning dependencies of target geometry_msgs_generate_messages_lisp[0m
[35m[1mScanning dependencies of target std_msgs_generate_messages_lisp[0m
[  0%] Built target geometry_msgs_generate_messages_py
[  0%] Built target _visualization_msgs_generate_messages_check_deps_InteractiveMarkerInit
[  0%] Built target std_msgs_generate_messages_py
[35m[1mScanning dependencies of target geometry_msgs_generate_messages_nodejs[0m
[  0%] Built target _visualization_msgs_generate_messages_check_deps_InteractiveMarkerPose
[  0%] Built target geometry_msgs_generate_messages_lisp
[  0%] Built target std_msgs_generate_messages_lisp
[35m[1mScanning dependencies of target std_msgs_generate_messages_nodejs[0m
[35m[1mScanning dependencies of target geometry_msgs_generate_messages_cpp[0m
[  0%] Built target geometry_msgs_generate_messages_nodejs
[35m[1mScanning dependencies of target std_msgs_generate_messages_cpp[0m
[  0%] Built target std_msgs_generate_messages_nodejs
[  0%] Built target geometry_msgs_generate_messages_cpp
[  0%] Built target std_msgs_generate_messages_cpp
[  0%] Built target _visualization_msgs_generate_messages_check_deps_InteractiveMarkerUpdate
[  0%] Built target _visualization_msgs_generate_messages_check_deps_MenuEntry
[35m[1mScanning dependencies of target visualization_msgs_generate_messages_cpp[0m
[35m[1mScanning dependencies of target visualization_msgs_generate_messages_py[0m
[35m[1mScanning dependencies of target visualization_msgs_generate_messages_eus[0m
[35m[1mScanning dependencies of target visualization_msgs_generate_messages_lisp[0m
[35m[1mScanning dependencies of target visualization_msgs_generate_messages_nodejs[0m
[  5%] [34m[1mGenerating C++ code from visualization_msgs/InteractiveMarkerControl.msg[0m
[  5%] [34m[1mGenerating Python from MSG visualization_msgs/ImageMarker[0m
[  5%] [34m[1mGenerating C++ code from visualization_msgs/ImageMarker.msg[0m
[  7%] [34m[1mGenerating C++ code from visualization_msgs/InteractiveMarkerFeedback.msg[0m
[  9%] [34m[1mGenerating C++ code from visualization_msgs/InteractiveMarker.msg[0m
[ 11%] [34m[1mGenerating Lisp code from visualization_msgs/ImageMarker.msg[0m
[ 15%] [34m[1mGenerating EusLisp code from visualization_msgs/ImageMarker.msg[0m
[ 15%] [34m[1mGenerating Javascript code from visualization_msgs/ImageMarker.msg[0m
[ 17%] [34m[1mGenerating Lisp code from visualization_msgs/InteractiveMarker.msg[0m
[ 19%] [34m[1mGenerating Javascript code from visualization_msgs/InteractiveMarker.msg[0m
[ 21%] [34m[1mGenerating Lisp code from visualization_msgs/InteractiveMarkerControl.msg[0m
[ 23%] [34m[1mGenerating Javascript code from visualization_msgs/InteractiveMarkerControl.msg[0m
[ 25%] [34m[1mGenerating EusLisp code from visualization_msgs/InteractiveMarker.msg[0m
[ 26%] [34m[1mGenerating Python from MSG visualization_msgs/InteractiveMarker[0m
[ 28%] [34m[1mGenerating EusLisp code from visualization_msgs/InteractiveMarkerControl.msg[0m
[ 30%] [34m[1mGenerating Javascript code from visualization_msgs/InteractiveMarkerFeedback.msg[0m
[ 32%] [34m[1mGenerating C++ code from visualization_msgs/InteractiveMarkerInit.msg[0m
[ 34%] [34m[1mGenerating Javascript code from visualization_msgs/InteractiveMarkerInit.msg[0m
[ 36%] [34m[1mGenerating Lisp code from visualization_msgs/InteractiveMarkerFeedback.msg[0m
[ 38%] [34m[1mGenerating Python from MSG visualization_msgs/InteractiveMarkerControl[0m
[ 40%] [34m[1mGenerating Lisp code from visualization_msgs/InteractiveMarkerInit.msg[0m
[ 42%] [34m[1mGenerating EusLisp code from visualization_msgs/InteractiveMarkerFeedback.msg[0m
[ 44%] [34m[1mGenerating Python from MSG visualization_msgs/InteractiveMarkerFeedback[0m
[ 46%] [34m[1mGenerating Lisp code from visualization_msgs/InteractiveMarkerPose.msg[0m
[ 48%] [34m[1mGenerating Javascript code from visualization_msgs/InteractiveMarkerPose.msg[0m
[ 50%] [34m[1mGenerating EusLisp code from visualization_msgs/InteractiveMarkerInit.msg[0m
[ 51%] [34m[1mGenerating Lisp code from visualization_msgs/InteractiveMarkerUpdate.msg[0m
[ 53%] [34m[1mGenerating Javascript code from visualization_msgs/InteractiveMarkerUpdate.msg[0m
[ 55%] [34m[1mGenerating Lisp code from visualization_msgs/MarkerArray.msg[0m
[ 57%] [34m[1mGenerating Python from MSG visualization_msgs/InteractiveMarkerInit[0m
[ 59%] [34m[1mGenerating C++ code from visualization_msgs/InteractiveMarkerPose.msg[0m
[ 61%] [34m[1mGenerating Javascript code from visualization_msgs/MarkerArray.msg[0m
[ 63%] [34m[1mGenerating EusLisp code from visualization_msgs/InteractiveMarkerPose.msg[0m
[ 65%] [34m[1mGenerating Javascript code from visualization_msgs/Marker.msg[0m
[ 67%] [34m[1mGenerating EusLisp code from visualization_msgs/InteractiveMarkerUpdate.msg[0m
[ 69%] [34m[1mGenerating Javascript code from visualization_msgs/MenuEntry.msg[0m
[ 71%] [34m[1mGenerating Lisp code from visualization_msgs/Marker.msg[0m
[ 73%] [34m[1mGenerating Lisp code from visualization_msgs/MenuEntry.msg[0m
[ 75%] [34m[1mGenerating Python from MSG visualization_msgs/InteractiveMarkerPose[0m
[ 76%] [34m[1mGenerating Python from MSG visualization_msgs/InteractiveMarkerUpdate[0m
[ 76%] Built target visualization_msgs_generate_messages_nodejs
[ 78%] [34m[1mGenerating Python from MSG visualization_msgs/MarkerArray[0m
[ 80%] [34m[1mGenerating C++ code from visualization_msgs/InteractiveMarkerUpdate.msg[0m
[ 82%] [34m[1mGenerating C++ code from visualization_msgs/MarkerArray.msg[0m
[ 84%] [34m[1mGenerating EusLisp code from visualization_msgs/MarkerArray.msg[0m
[ 86%] [34m[1mGenerating EusLisp code from visualization_msgs/Marker.msg[0m
[ 86%] Built target visualization_msgs_generate_messages_lisp
[ 88%] [34m[1mGenerating EusLisp code from visualization_msgs/MenuEntry.msg[0m
[ 90%] [34m[1mGenerating EusLisp manifest code for visualization_msgs[0m
[ 92%] [34m[1mGenerating C++ code from visualization_msgs/Marker.msg[0m
[ 94%] [34m[1mGenerating Python from MSG visualization_msgs/Marker[0m
[ 96%] [34m[1mGenerating Python from MSG visualization_msgs/MenuEntry[0m
[ 98%] [34m[1mGenerating C++ code from visualization_msgs/MenuEntry.msg[0m
[100%] [34m[1mGenerating Python msg __init__.py for visualization_msgs[0m
[100%] Built target visualization_msgs_generate_messages_cpp
[100%] Built target visualization_msgs_generate_messages_py
[100%] Built target visualization_msgs_generate_messages_eus
[35m[1mScanning dependencies of target visualization_msgs_generate_messages[0m
[100%] Built target visualization_msgs_generate_messages
