[35m[1mScanning dependencies of target _actionlib_msgs_generate_messages_check_deps_GoalStatusArray[0m
[  0%] Built target _actionlib_msgs_generate_messages_check_deps_GoalStatusArray
[35m[1mScanning dependencies of target _actionlib_msgs_generate_messages_check_deps_GoalID[0m
[  0%] Built target _actionlib_msgs_generate_messages_check_deps_GoalID
[35m[1mScanning dependencies of target std_msgs_generate_messages_py[0m
[  0%] Built target std_msgs_generate_messages_py
[35m[1mScanning dependencies of target _actionlib_msgs_generate_messages_check_deps_GoalStatus[0m
[  0%] Built target _actionlib_msgs_generate_messages_check_deps_GoalStatus
[35m[1mScanning dependencies of target std_msgs_generate_messages_nodejs[0m
[  0%] Built target std_msgs_generate_messages_nodejs
[35m[1mScanning dependencies of target std_msgs_generate_messages_cpp[0m
[  0%] Built target std_msgs_generate_messages_cpp
[35m[1mScanning dependencies of target std_msgs_generate_messages_eus[0m
[  0%] Built target std_msgs_generate_messages_eus
[35m[1mScanning dependencies of target std_msgs_generate_messages_lisp[0m
[  0%] Built target std_msgs_generate_messages_lisp
[35m[1mScanning dependencies of target actionlib_msgs_generate_messages_py[0m
[  5%] [34m[1mGenerating Python from MSG actionlib_msgs/GoalID[0m
[ 11%] [34m[1mGenerating Python from MSG actionlib_msgs/GoalStatus[0m
[ 17%] [34m[1mGenerating Python from MSG actionlib_msgs/GoalStatusArray[0m
[ 23%] [34m[1mGenerating Python msg __init__.py for actionlib_msgs[0m
[ 23%] Built target actionlib_msgs_generate_messages_py
[35m[1mScanning dependencies of target actionlib_msgs_generate_messages_nodejs[0m
[ 29%] [34m[1mGenerating Javascript code from actionlib_msgs/GoalID.msg[0m
[ 35%] [34m[1mGenerating Javascript code from actionlib_msgs/GoalStatus.msg[0m
[ 41%] [34m[1mGenerating Javascript code from actionlib_msgs/GoalStatusArray.msg[0m
[35m[1mScanning dependencies of target actionlib_msgs_generate_messages_cpp[0m
[ 41%] Built target actionlib_msgs_generate_messages_nodejs
[ 47%] [34m[1mGenerating C++ code from actionlib_msgs/GoalID.msg[0m
[ 52%] [34m[1mGenerating C++ code from actionlib_msgs/GoalStatus.msg[0m
[ 58%] [34m[1mGenerating C++ code from actionlib_msgs/GoalStatusArray.msg[0m
[ 58%] Built target actionlib_msgs_generate_messages_cpp
[35m[1mScanning dependencies of target actionlib_msgs_generate_messages_eus[0m
[35m[1mScanning dependencies of target actionlib_msgs_generate_messages_lisp[0m
[ 64%] [34m[1mGenerating EusLisp code from actionlib_msgs/GoalID.msg[0m
[ 70%] [34m[1mGenerating Lisp code from actionlib_msgs/GoalID.msg[0m
[ 76%] [34m[1mGenerating EusLisp code from actionlib_msgs/GoalStatus.msg[0m
[ 82%] [34m[1mGenerating Lisp code from actionlib_msgs/GoalStatus.msg[0m
[ 88%] [34m[1mGenerating Lisp code from actionlib_msgs/GoalStatusArray.msg[0m
[ 94%] [34m[1mGenerating EusLisp code from actionlib_msgs/GoalStatusArray.msg[0m
[ 94%] Built target actionlib_msgs_generate_messages_lisp
[100%] [34m[1mGenerating EusLisp manifest code for actionlib_msgs[0m
[100%] Built target actionlib_msgs_generate_messages_eus
[35m[1mScanning dependencies of target actionlib_msgs_generate_messages[0m
[100%] Built target actionlib_msgs_generate_messages
